Credit: [xinyi1984/TV/release](https://github.com/xinyi1984/TV)
Commit: e721cbf0ff626e7443203315209d038618252702
Changelog:
比较提交范围: e721cbf...4ba0cb7
Update ControlDialog.java
Signed-off-by: xinyi1984 <106141301+xinyi1984@users.noreply.github.com>
Update styles.xml
Update LiveActivity.java
Update activity_video.xml
Update activity_live.xml
Update activity_video.xml
Update activity_live.xml
Update activity_cast.xml
Update Clock.java
Update TVBus.java
Update VideoActivity.java
Update LiveActivity.java
Update strings.xml
Update dialog_control.xml
Create view_widget_display.xml
Update Setting.java
Update Vod.java
Update Util.java
Update TVBus.java
Update Github.java
Update FileUtil.java
Update Clock.java
Update strings.xml
Update shape_controller.xml
Create DisplayDialog.java
Create DisplayAdapter.java
Update VideoActivity.java
Update LiveActivity.java
Create dialog_display.xml
Create adapter_display.xml
Update view_control_vod_action.xml
Create view_widget_display.xml
Update build.gradle
Clean code
Fix build
Add aar
Clean import
Fix keep screen on flag
Refactor the player architecture
Optimize history save
Fix controller listener
Fix wall load
Fix toggle decode
Update proguard-rules.pro
Clean code
Update build.gradle
Clean
Update gradle
Update VideoActivity.java
🔗 合并上游 FongMi 更新 - 2026年04月15日 23:34
Fix toggle decode crash
Optimize voice search
Revert keep layout
Update layout for view_control_vod_action.xml
Update VideoActivity.java
Update LiveActivity.java
Update VideoActivity.java
Update build.gradle
Delete app/libs/dlna-dmr-release.aar
Delete app/libs/dlna-dmc-release.aar
Delete app/libs/dlna-core-release.aar
Add files via upload
Update VideoActivity.java
Update LiveActivity.java
Update ExoUtil.java
Add MaterialTextView for display in VOD action layout
Update VideoActivity.java
Update LiveActivity.java
Update build.gradle
Update VideoActivity.java
🔗 合并上游 FongMi 更新 - 2026年04月15日 17:48
Update ExoUtil.java
Update VideoActivity.java
Update LiveActivity.java
Delete app/src/main/java/com/fongmi/android/tv/player/Players.java
Update VideoActivity.java
Update view_control_vod.xml
Refactor VideoActivity control listeners and events
Update LiveActivity.java
Update build.gradle
Fix build
Refactor the playback architecture
Update TitleDialog.java
Update TitleAdapter.java
Delete app/src/main/java/com/fongmi/android/tv/utils/MediaTitle.java
Update Players.java
Update MediaTitle.java
Update VideoActivity.java
Update and rename TitleDialog.java1 to TitleDialog.java
Update and rename TitleAdapter.java1 to TitleAdapter.java
Update Players.java
Add files via upload
Update Clock.java
🔗 合并上游 FongMi 更新 - 2026年04月04日 16:15
Fix episode compare
Update .gitignore
Update build.gradle
Fix config load
Clean code
Update .gitignore
Update build.gradle
Fix episode bug
Fix epg timezone
Fix epg time zone
Optimize epg
Clean executor code
Fix bug
Clean quickjs code
Clean catvod code
Optimize js spider
Fix episode bug
Clean time code
Rename TitleDialog.java to TitleDialog.java1
Rename TitleAdapter.java to TitleAdapter.java1
🔗 合并上游 FongMi 更新 - 2026年03月23日 23:01
🔗 合并上游 FongMi 更新 - 2026年03月23日 22:01
Support rtsp range
🔗 合并上游 FongMi 更新 - 2026年03月23日 18:00
Fix title bu
🔗 合并上游 FongMi 更新 - 2026年03月23日 16:00
Rename TitleDialog.java1 to TitleDialog.java
Rename TitleAdapter.java1 to TitleAdapter.java
Update VideoActivity.java
Update Players.java
Rename TitleDialog.java to TitleDialog.java1
Rename TitleAdapter.java to TitleAdapter.java1
Update TitleAdapter.java
🔗 合并上游 FongMi 更新 - 2026年03月21日 04:00
Fix title visible
Update TitleDialog.java
Update TitleAdapter.java
Update Players.java
Update TitleDialog.java
Update TitleAdapter.java
Update TitleDialog.java
Update TitleAdapter.java
Update Players.java
Replace MediaTitle import with MediaItem import
Update TitleAdapter.java
Update TitleDialog.java
Update BaseLoader.java
Update VideoActivity.java
Update BaseLoader.java
Update view_control_vod.xml
🔗 合并上游 FongMi 更新 - 2026年03月20日 13:12
Refactor BaseLoader to include PyLoader functionality
Update VideoActivity.java
Optimize fetchArray
Add fetchArray for headers, proxy, rules and doh
Add refetsh category api
Support title select
Clean code
Optimize seek view
Optimize key down check
Optimize seek view
🔗 合并上游 FongMi 更新 - 2026年03月15日 16:00
Update build.gradle
Support timestamp
🔗 合并上游 FongMi 更新 - 2026年03月15日 04:00
🔗 合并上游 FongMi 更新 - 2026年03月14日 20:00
Fix bug
Update docs
Update proguard rule
Update LIVE.md
Add LIVE.md
Update readme
Update SPIDER.md
Update readme
Update Github.java
Update ExoUtil.java
🔗 合并上游 FongMi 更新 - 2026年03月05日 14:01
Update build.gradle
🔗 合并上游 FongMi 更新 - 2026年03月05日 11:49
Update ExoUtil.java
Update build.gradle
Optimize config code
Fix build
🔗 合并上游 FongMi 更新 - 2026年02月28日 18:01
🔗 合并上游 FongMi 更新 - 2026年02月27日 20:01
🔗 合并上游 FongMi 更新 - 2026年02月27日 19:01
Fix sync bug
🔗 合并上游 FongMi 更新 - 2026年02月26日 14:00
Update LiveActivity.java
🔗 合并上游 FongMi 更新 - 2026年02月25日 15:15
Update build.gradle
Fix bug
Remove LibRtmp-Client-for-Android dependency
Removed the LibRtmp-Client-for-Android dependency from the build.gradle file.
🔗 合并上游 FongMi 更新 - 2026年02月16日 15:06
Fix formatting of NewPipeExtractor dependency line
Update Material Design dependency in build.gradle
Update build.gradle
🔗 合并上游 FongMi 更新 - 2026年02月09日 14:00
Update Result.java
Update gradle
Fix bug
🔗 合并上游 FongMi 更新 - 2026年02月02日 13:00
Update build.gradle
Update ExoUtil.java
Update Util.java
🔗 合并上游 FongMi 更新 - 2026年02月02日 10:54
Simplify clean method for HTML parsing
Refactor clean method to remove version checks and simplify HTML parsing.
Update ExoUtil.java
Update build.gradle
Update yt lib
Update build.gradle
Support update flag
Optimize hashCode
Optimize redirect play
Fix subtitle bug
Add vod upadte api
Support more vod data upadte
🔗 合并上游 FongMi 更新 - 2026年01月21日 19:00
Fix large bitmap load
🔗 合并上游 FongMi 更新 - 2026年01月13日 02:00
Fix js proxy
Revert "Clean code"
This reverts commit 58526ed044a955011083f68ced0e75ed3f766afb.
This reverts commit d3394d27a72d2aa7f2bffa16f50dfda75af2003f.
Add proxy error log
🔗 合并上游 FongMi 更新 - 2026年01月12日 15:44
Update proguard-rules.pro
Update build.gradle
Optimize history
Update title display logic in VideoActivity
Enhance title formatting in VideoActivity
Update title display logic in VideoActivity.
🔗 合并上游 FongMi 更新 - 2026年01月06日 17:07
Update VideoActivity.java
Fix formatting of title selection in VideoActivity
Refactor title text processing in VideoActivity
Improve title text processing in getPlayer method
Refactor title text setting logic for better readability.
Set display title as selected in VideoActivity
Refactor title setting logic in VideoActivity
Refactor title setting and cleanup code
Remove redundant semicolon in VideoActivity
Remove replay parameter from getPlayer method
Update build.gradle
Optimize replay
Fix bug
🔗 合并上游 FongMi 更新 - 2026年01月05日 01:01
Fix play pause bug
Update README.md
Update build.gradle
Fix build
Add control api
Fix session bug
Fix error event bug
🔗 合并上游 FongMi 更新 - 2026年01月04日 03:01
Support set artwork when get playerContent
Optimize change live home
🔗 合并上游 FongMi 更新 - 2026年01月01日 04:01
Optimize live list ui
🔗 合并上游 FongMi 更新 - 2025年12月31日 20:01
Clean live ui
Fix bug
Clean code
🔗 合并上游 FongMi 更新 - 2025年12月31日 18:01
Clean live ui
🔗 合并上游 FongMi 更新 - 2025年12月31日 17:01
Add gbk.js
🔗 合并上游 FongMi 更新 - 2025年12月22日 16:00
Optimize
filters
Clean code
🔗 合并上游 FongMi 更新 - 2025年12月21日 16:27
🔗 合并上游 FongMi 更新 - 2025年12月21日 14:49
🔗 合并上游 FongMi 更新 - 2025年12月19日 22:26
Fix gzip bug
Fix bug
Fix gz file refresh
Optimize episode find
Clean import
Optimize gz file check
Update Github.java
🔗 合并上游 FongMi 更新 - 2025年12月18日 20:00
Update build.gradle
🔗 合并上游 FongMi 更新 - 2025年12月18日 19:23
Clean code
Optimize jar load
🔗 合并上游 FongMi 更新 - 2025年12月18日 18:37
Add files via upload
Delete app/libs/thunder-release.aar
Fix bug
🔧 自动解决合并冲突 - 保留本地版本，使用上游version信息 - 2025年12月18日 14:00
Update gradle
Optimize code
Fix build
Fix bug
Update CustomWallView.java
🔗 合并上游 FongMi 更新 - 2025年12月17日 02:00
Update build.gradle
Optimize touch event
Update VideoActivity.java
Update Vod.java
🔧 自动解决合并冲突 - 保留本地版本，使用上游version信息 - 2025年12月08日 17:00
Update sdk to 36.1
Update build.gradle
Optimize digest param parse
Update ControlDialog.java
Update VideoActivity.java
Update LiveActivity.java
Update view_widget_display.xml
Update VideoActivity.java
Update LiveActivity.java
Update view_widget_display.xml
Update ControlDialog.java
Update strings.xml
Update styles.xml
🔗 合并上游 FongMi 更新 - 2025年12月06日 20:54
Update dialog_control.xml
Update activity_video.xml
Update activity_live.xml
Update activity_video.xml
Update ControlDialog.java
Update VideoActivity.java
Update LiveActivity.java
Update strings.xml
Update Clock.java
Update Setting.java
Update VideoActivity.java
Update LiveActivity.java
Create DisplayDialog.java
Create DisplayAdapter.java
Create dialog_display.xml
Create adapter_display.xml
Update shape_controller.xml
Update view_control_vod.xml
Create view_widget_display.xml
Update activity_video.xml
Update activity_live.xml
Update activity_cast.xml
Update FileUtil.java
Update and rename PyLoader.java to PyLoader.java弃用
Update Vod.java
Update BaseLoader.java
Update PyLoader.java
Update BaseLoader.java
Update build.gradle
Delete app/libs/hook-release.aar
Delete app/libs/thunder-release.aar
Delete app/libs/tvbus-release.aar
Update FileUtil.java
Update Vod.java
Update Util.java
Update SubtitleDialog.java
Update Github.java
Update BaseLoader.java
Update ExoUtil.java
Update Players.java
Update build.gradle
Update settings.gradle
Update build.gradle
Fix type bug
Optimize filter
Use lazyload
Use lazy load
Optimize ui
Adjust player ui
Update gradle
Optimize progress ui
Fix build
Update python
Optimize live end check
Fix bug
Optimize track selection
Fix py init
Fix bug
Fix build
Fix bug
Update ExoUtil.java
Fix crash
Clean error msg
Clean code
Update build.gradle
Add forceKey param
Optimize header parse
Revert "Optimize header parse"
This reverts commit ca6b00160e2e770a485b9c1c27b9ad4ab8b15b0d.
This reverts commit 3d275fa02b34b4b6b678f41989808ccdf7ae2364.
Support drm licence header
Rename proxyLocal to proxy
Update Spider.java
Add siteKey for spider
Add sample
Update build.gradle
Fix m3u check
Fix xml parse
Update CustomMovement.java
Update build.gradle
Fix bug
Clean
Optimize epg parse
Fix armeabi-v7a py load
Fix crash
Add trans for live and danmaku
Update Trans.java
Fix epg bug
Revert
Fix bug
Fix wall bug
Clean code
Revert trans map
Update build.gradle
Update gradle
Optimize zhu to pin
Optimize download
Update build.gradle
Fix danmaku bug
Remove danmaku cache
Fix crash
Fix bug
Fix word bug
Fix danmaku bug
Optimize collect title click
Add danmaku cache
Fix bug
Fix jar load
Optimize live config
Optimize vod config
Optimize model
Fix bug
Update search list image size
Update AndroidManifest.xml
Update build.gradle
Fix crash
Fix bug
Fix strm check
Optimize config load
Optimize wall config
Fix bug
Add strm extractor
Convert channel to result
Remove hook
Remove log
Fix load more bug
Fix hook bug
Fix nano charset
Update hook
Update build.gradle
Add web view log
Optimize crash show
Fix check more bug
Fix load more bug
Fix bug
Fix jar load
Fix style bug
Add cancel check
Optimize flip check
Fix bug
Optimize home content load
Revert
Don't need reload config when set doh
Use app startup
Fix
bug
Fix focus bug
Fix lock orientation
Optimize
Fix bug
Update App.java
Update hook
Add chrome hook
Optimize player check
Update build.gradle
Optimize server start
Fix crash
Fix js bug
Fix
Fix bug
Optimize suggest word
Update okhttp
Update build.gradle
Optimize code
Fix build
Fix bug
Optimize onFling
Update gradle
Update
Optimize xmltv parse
Clean log
Clean code
Adjust thread count
Remove auto play
Remove cache
Optimize ux
Use cache for image
Optimize searchContent
Optimize live config load
Clean import
Optimize vod config load
Optimize
Clean code
Fix lock bug
Fix bug
Fix config save bug
Fix leanback style
Downgrade okhttp
Remove auto play when resume
Fix live drm parse
Optimize media3 okhttp
Update build.gradle
Fix crash
Clean import
Support new drm param
Optimize search thread
Adjust collect width
Fix bug
Fix logo crash
Revert permission
Optimize search site width
Update AndroidManifest.xml
Update build.gradle
Fix lock orient for live
Update TVBus.java
Optimize ui config
Clean code
Optimize BottomSheetDialog window
Fix height bug
Fix bug
Fix proxy bug
Optimize live progress
Fix live enter bug
Remove exoplayer log
Update build.gradle
Add ripple for type
Fix thunder
Fix bug
Optimize live
Fix dialog height
Add swipe refresh for tv
Support live can switch config
Fix save bug
Fix history bug
Fix bug
Revert
Fix history bug
Remove crash
Add hash code
Optimize vod list
Optimize bean
Remove cookie jar
Support hide live
Update proguard-rules.pro
Fix proguard
Update gradle
Update okhttp
Update build.gradle
Add glide clear
Remove decode memory
Optimize ui
Use fontFeatureSettings
Fix traffic
Fix bug
Fix crash
Remove bold and shadow
Fix bug
Optimize history save
Fix build
Optimize history
Update
Optimize session artwork
Fix line bug
Use palette
Update to 16kb
Fix bug
Update path
Update github path
Clean update code
Fix vod long click bug
Fix name width
Update build.gradle
Optimize collect
Clean code
Update app icon
Optimize video wall
Fix icon
Update build.gradle
Optimize wallpaper load
Clean
Optimize large wallpaper
Fix bug
Optimize glide
Add wall history
Optimize track select
Optimize gif wall
Fix danmaku npe
Fix img
Fix pip bug
Remove x86
Optimize zhuin
Optimize recyclerview
Fix channel width bug
Fix bug
Fix search bug
Optimize search result span count
Fix bug
Fix space
Fix bug
Fix crash
Clean code
Fix bug
Fix vod name
Optimize episode width
Fix bug
Optimize search ui
Clean ui
Fix crash
Fix bug
Fix seek view font
Update gradle
Fix
Update build.gradle
Fix bug
Fix icon size
Fix bug
Make adblock is default open
Optimize video wall
Clean
Optimize wallpaper
Update player icon ripple
Update error string
Update build.gradle
Add error msg provider
Fix desc
Revert shadow
Add adblock setting
Fix bug
Remove shadow
Update more icon
Clean ui
Update build.gradle
Release cache
Clean
Optimize folder ux
Rename
Update JarLoader.java
Move banner
Update build.gradle
Update icon size
Update exo param
Revert
Update build.gradle
Update icon
Update logo-1.svg
Update build.gradle
Update LiveActivity.java
Add artwrok
Update icon
Update sorter
Update icon
Fix title bug
Update build.gradle
Fixed maxlines
Update icon
Update svg logo
Add video transition
Update VideoActivity.java
Add Transition
move package
Fix bug
Clean ui
Update build.gradle
Update fragment_search.xml
Fix keyword pos
Fix sync bug
Fix title text size
Fix find device
Fix sync bug
Fix bug
Update build.gradle
Fix vod focus
Add crash detect
Fix search fragment
Fix ui
Update styles.xml
Update ic_splash.png
Fix icon
Fix build
Update BaseDialog.java
Fix ui
Fix bug
Use edge to edge
Fix NavigationBarColor
Clean
Clean permission
Clean
Fix bug
Add auto height
Optimize device
Optimize keep and history
Update build.gradle
Update video ui
Fix menu bug
Fix bug
Update search ui
Update logo
Fix search api
Fix bug
Use styles
Fix ui bug
Fix bug
Update ui
Update empty ui
Update keep ui
Update file ui
Update EpisodeListDialog.java
Update folder ui
Update vod ui
Update keep and history ui
Update ic_logo.png
Update activity_collect.xml
Update fragment_vod.xml
Support video wallpaper
Update logo
Update activity_home.xml
Update ImgUtil.java
Optimize wall load
Update build.gradle
Update tvbus
Use ActivityResultLauncher
enableOnBackInvokedCallback
Update gradle
Create styles.xml
Set targetSdk 36
Optimize player state
Add audio mode
Fix slider
Update keep
Bypass empty
Update build.gradle
Fix hot
Fix bug
Update
Fix proxy bug
Fix crash
Update build.gradle
Update ImgUtil.java
Add error cache
Update build.gradle
Clean image load
Fix bug
Update glide
Update build.gradle
Clean
Remove tag
Prevent crash loop
Remove retry
Update ui
Update activity_home.xml
Add proxy sort
Update proxy demo
Update build.gradle
Update proxy hosts
Revert text size
Update build.gradle
Fix crash
Fix bug
Support youtube desc
Update ui
Optimize history progress
Support marquee for site
Add site name
Clean image
Fix tv ui
Fix build
Update build.gradle
Fix bug
Clean
Update LiveParser.java
Update build.gradle
Fix memory leak
Add sniffer limit
Optimize scroll
Fix bug
Update readme
Update proxy system
Update desc
Clean code
Update gradle
Clean keepScreenOn
Remove test
Test scrubbingMode
Update proguard-rules.pro
Update build.gradle
Bypass duration = -1 video for yt
Update Trans.java
Update library
Update sdk to 36
Update room
Update build.gradle
Add video prefer setting
Clean code
Add scale anim
Support epg api second
Support scale video
Adjust fling distance check
Add flip limit
Add anim when flip up down
Add flip for vod
Fix build
Adjust epg cache time
Adjust live epg logic
Adjust epg refresh time
Fix bug
Support proxy for core
Use requirements.txt
Adjust history day
Add refresh
Optimize live ui
Fix op ed bug
Fix track lang
Add prefer aac switch
Fix track codec
Fix opening and ending bug
Clean res
Optimize epg parser
Fix bug
Support pause for live
Update quickjs
Clean code
Update build.gradle
Fix m3u parser
Fix bug
Revert logo
Update icon
Update build.gradle
Support 9978 too
Add getPort for js
Update README.md
Signed-off-by: FongMi <b8892778@gmail.com>
Update build.gradle
Support proxt:// for sub
Remove rtsp channel
Adjust port
Update get ip for dlna
Update build.gradle
Check parse and jx first when start media
Fix npe
Revert "Clean code"
This reverts commit c4dbfd300f4a7ecb4708435feed7ca6095ae1c75.
This reverts commit 3a585ad0e8da23e829a892191dc467def734625a.
Fix bug
Remove back buffer
Bypass virtual nif
README.md
Update README.md
Update build.gradle
Fix channel name replace
Support parse tvg-id
Support multiple display-name and icon
Update README.md
Update build.gradle
Fix build
Update gradle
Update Trans.java
Update build.gradle
Optimize proxy
Update AndroidManifest.xml
Update Core.java
Fix m3u check
Update build.gradle
Fix crash
Remove lock
Fix bug
Fix avif and gif
Fix bug
Fix crash
Fix bug
Update README.md
Update build.gradle
Add danmaku log
Fix event bug
Fix danmaku size init
Fix bug
Fix ui
Fix again
Add checkOrientation to home
Fix bug
Update README.md
Update build.gradle
Support hide site
Fix screen width and height bug
Fix bug
Fix video size when use libass
Fix build
Use static id
Fix track dialog ui
Add libass - part 4
Add libass - part 3
Add libass - part 2
Add libass
Fix build
Revert "Remove mipmap-anydpi"
This reverts commit b85dff3211777b988c026da4d3bf778f5921e2ba.
This reverts commit d97fa89cc468f2ae9efff78d5f65dc36e39f12f4.
Remove mdpi
Remove mipmap-anydpi
Fix bug
Fix python proxy with header
Support expand director
Fix crash
Fix cast bug
Fix bug
Set glide log level to error
Fix crash
Fix dlna
No restriction on t4 using post or get
Fix jar recent bug
Clean sniffer
Add timeout for danmaku
Fix recent jar
Add p2p back
Clean code
Update gradle.properties
Update build.gradle
Fix epg endTime check
Add forceKey for drm
Support drm header
Optimize restore and backup
Fix crash
Revert js content
Add danmaku icon
Optimize danmaku load
Add local danmaku load
Limit xml choose
Add local danmeku load
Update activity_search.xml
Update zhutopin
Update build.gradle
Fix bug
Update Download.java
Optimize updater
Update build.gradle
Fix scan
Optimize scan task
Optimize danmaku load
Force leanback use file activity
Fix bug
Add danmaku for control dialog
Support single xml epg
Adjust danmaku
Add trans for hot and suggest
show keyboard when search
Remove xtream code
Fix shadow
Fix bug
Update DanmakuData.java
Fix xml check
Update build.gradle
Support multiple danmaku - part 2
Support multiple danmaku
Update Spider.java
Fix bug
Add empty view
Update build.gradle
Fix google tv bug
Add file chooser for mobile
Add choose file for config
Add file picker for tv
Add danmaku show/hide setting
Fix size
Fix bug
Update Danmaku.java
Support txt dammuku
Fix danmaku size
Add danmakuLoad switch
Update Parser.java
Update README.md
Fix bug
Support danmaku
Adjust epg text size
Update build.gradle
Update Players.java
Make libass disable
Fix build
Support libass
Create dfm-release.aar
Update ExoUtil.java
Update README.md
Support regex
lookup realtime
Fix bug
Update build.gradle
Support catchup utcend and utc
Support catchup unix
Fix layout
Fix restore dialog layout
Update settings.gradle
Update build.gradle
Fix ass select
Fix bug
 Fix bu
Support tv background play
Add cronet
Fix crash
Add debug setting
Update sample
Disable log
Update build.gradle
Update README.md
Add headers config
Update
Update build.gradle
Update README.md
Fixed title
Support ip for hosts
Update build.gradle
Update README.md
Update proxy
Support hosts
Update build.gradle
Fix bug
Fix live dialog width
Prevent loop
Fix bug
Update youtube
Fix build
Update build.gradle
Add newpipe
Fix crash
Remove cronet
Remove zlive
Add drmLegacy parse
Revert
Fix bug
Fix
Create similarity.js
Clean
Add chno
Clean drpy
Use byte[]
Update quickjs and remove bb
Update gson
Add conscrypt back again
Update build.gradle
Clean code
Fix bug and clean code
Add audio prefer
Fix user info bug
Add av3a
Fix bug
Remove conscrypt beacuse gitea
Optimize decode
Add Conscrypt
Add back buffer
Optimize
Update TrackNameProvider.java
Update build.gradle
Optimize soft decode
Use jbr-21
Update gradle
Update build.gradle
Update
Update proguard-rules.pro
Update
Fix yt
Update build.gradle
Remove avif
Add waiting msg
Update .gitignore
Update
Update build.gradle
Use nextrender
Fix crash
Update dlna - part 2
Update dlna - part 1
Add seek when casted
Update dlna
Update build.gradle
Update ua
Fix bug
Update build.gradle
Optimize position
Update error ui
Update build.gradle
Fix crash
Fix bug
Update sample
Update build.gradle
Use replaceAll for catchup replace
Add catchup replace
Fix catchup
Fix yt device
Use offical media3
Fix reset bug
Fix bug
Fix eventbus crash
Optimize pip
Add filter long click event
Fix bug
Optimize player
Update drm
Update build.gradle
Fix crash
Fix build
Fix sort
Add sort for restore
Add device info
Rewrite backup and restore - part 7
Rewrite backup and restore - part 6
Fix crash
Rewrite backup and restore - part 5
Rewrite backup and restore - part 4
Rewrite backup and restore - part 3
Rewrite backup and restore - part 2
Rewrite backup and restore - part 1
Add drm check
Fix subtitle position
Fix crash
Add quickSearch param
Fix xml epg extract
Optimize subtitle position
Update tvbus
Add iamf decoder
Update build.gradle
Fix bug
Fix tvbus
Add desc for playerContent
Fix bug
Fix part
Fix bug
jar support md5 url
Optimize live spider
Support live config keep
Optimize hls play
Fix line break
Support xtream vod
Update README.md
Fix xtream bug
Update build.gradle
Fix bug
Fix xtream detect
Fix bug
Update MediaSourceFactory.java
Update build.gradle
Add url-tvg detect for m3u
Support multiple xml epg
Update
Fix epg mapping
Support xtream code
Fix bug
Update build.gradle
Add cookie detect for json parse
Update gradle
Update build.gradle
Fix track bug
Sniffer add rtmp
Fix bug
Update track
Update build.gradle
Update library
Update Players.java
Update build.gradle
Remove auto decode
Update lib
Add stop event for session
Fix crash
Fix clipboard bug
Update build.gradle
Fix bug
Fix live epg ui
Create zlive-release.aar
Update zlive
Revert zlive
Update build.gradle
Fix bug
Add pressed for subtitle action
Fix subtitle action focus
Adjust subtitle dialog gravity
Disable draggable for episode list mode
Add long click for subtitle
Keep bottom padding
Fix bug
Keep subtitle text size
Optimize subtitle dialog
Fix crash
Fix clipboard crash
[leanback] support subtitle move up and down
[mobile] support subtitle move up and down
Update JianPian
Update build.gradle
Preload logo
Fix build
Update youtube
Add type 4 action
Update build.gradle
Fix subtitle bom bug
Update spider action
Update build.gradle
Spider add action function
Fix bug
Revert to ffmpeg
Revert to next
Remove next
Update Async.java
Update build.gradle
Update Constant.java
Update build.gradle
Fix parse
Update MediaSourceFactory.java
Update ffmpeg
Update build.gradle
Update spider.py
Update build.gradle
Fix live bug
Fix bug
Add refresh live list api
Update README.md
Update build.gradle
Fix play state
Support refresh live list
Init base jar
Update nextlib
Update proguard-rules.pro
Use official nextlib
Update build.gradle
Add speed setting
Update Spider.java
Update build.gradle
Update quickjs
Update build.gradle
Optimize loader - part 5
Revert
Optimize web parse
Optimize loader - part 4
Update Util.java
Remove auto change channel
Update build.gradle
Add notice
Update drm
Update build.gradle
Adjust exo error logic
Optimize loader - part 3
Optimize loader - part 2
Optimize loader - part 1
Update spider.py
Update build.gradle
Add cache userInfo
Update Global.java
Add proxy extractor
Update build.gradle
Update Module.java
Remove cache
Update build.gradle
Update Global.java
Update build.gradle
Update Global.java
Update demo
Update build.gradle
Support live spider
Update media3ext-release.aar
Update build.gradle
Clean
Add end check
Update activity_video.xml
Update media3ext-release.aar
Update build.gradle
Update spider.py
Update build.gradle
Optimize exo error check
Create media3ext-release.aar
Update .gitignore
Fix build
Clean code
Update build.gradle
Update dlna-dmr-release.aar
Create .gitignore
Update build.gradle
Clean package
Use aar for library
Update Proxy.java
Update nanohttpd
Add nanohttpd
Update dlna
Update strings.xml
Update Traffic.java
Update traffic
Update spider.py
Update build.gradle
Clean code
Adjust max length for push url
Update spider.py
Update Crypto.java
Fix bug
Update build.gradle
Update okhttp to 5.0
Update build.gradle
Add sample
Add timeZone param for live epg
Fix py proguard
Add getProxyUrl for py
Update spider.py
Update build.gradle
Fix bug
Live support ads and rules
Update spider.py
Update Spider.java
py add download dependence
Update spider.py
Add buffering event
Update build.gradle
Update spider.py
Update build.gradle
Fix surface bug
Adjust edge
Add destroy for py
[mobile] support cast to video activity
Support js py destory
Update gradle
Update build.gradle
Update sdk
Support media query
Fix bug
Update build.gradle
Add device sorter
Fix yt list bug
Fix dialog bug
Adjust layout
Update OkHttp.java
Fix flag bug
Set okhttp protocols
Update sdk
Update CustomKeyboard.java
Update build.gradle
Update CustomKeyboard.java
Update build.gradle
Optimize toggle keyboard
Update Trans.java
Fix first char search
Update build.gradle
Use media3 ua
Fix bug
Ry bopomofo keyboard
Set chrome ua as default
Optimize backup check
Update OkCookieJar.java
Update Youtube.java
Update build.gradle
Add push image
Support youtube playlist
Use gson for youtube
Update TVBus.java
Fix dependencies
Update OkHttp.java
Update ua
Fix bug
Update build.gradle
Update gradle
Update proguard-rules.pro
Update gradle
Fix layout bug
Update build.gradle
Fix bug
Update Sniffer.java
Update build.gradle
Update Sniffer.java
Update build.gradle
Update hiker rule parser
Update Parser.java
Update build.gradle
Adjust py js
proxy
Fix base64
Update Spider.java
Update build.gradle
Fix bug
Fix drawable bug
Update LiveParser.java
Update build.gradle
Fix bug
Fix pip mode for pad
Fix subtitle text size when exit pip mode
Fix bug
Fix epg bug
Fix live bug
Fix bug
Remove auto change decode
Fix msg layout
Fix bug
Add http logging
Fix epg parser
Optimize live epg click
Update TrackNameProvider.java
Update AppDatabase.java
Update build.gradle
Fix bug
Rewrite exo
Update Players.java
Update build.gradle
Support metadata artwork uri
Don't save decode for auto change
Fix channel click
Keep sync mode value
Fix bug
Clean coe
Add sync mode
Optimize fetch xml epg
Fix subtitle style bug
Fix timeout bug
Clean code
Update Nano.java
Update build.gradle
Update EpgParser.java
Fix xml epg parser
Update build.gradle
Update ExoUtil.java
Support xml.gz
Update build.gradle
Fix bug
Don't save decode when auto change
Optimize metadata
Update Players.java
Auto change decode
Update ParseJob.java
Update build.gradle
Update ParseJob.java
Update build.gradle
Update ParseJob.java
Update build.gradle
Skip cache for wallpaper
Fix parse bug
Optimize load background
Adjust layout
Update EpgParser.java
Update
Fix epg bug
Update build.gradle
Update EpgParser.java
Update Constant.java
Support tvg-url parse
Fix live bug
Add pip limit detect
Update build.gradle
Fix artwork
Support next render
Add rtsp setting
Optimize pip mode
Remove ijkplayer
Update PyLoader.java
Clean
Update build.gradle
Rename pyramid to chaquo
Fix vod pic bug
Update IjkVideoView.java
Fix trans bug
Update build.gradle
Update IjkVideoView.java
Fix R8 for js
Update build.gradle
Fix gson proguard
Fix gson in AGP 8.0
Fix bug
Recommended only show allowed categories
Clean code
Fix build
Update gradle
Update build.gradle
Fix bug
[leanback] live support seek
[mobile] live support speed and seek
Adjust click priority
Update ExtractorImpl.java
Update build.gradle
Use glide to load wallpaper
Optimize epg catchup
Add tvgName extract
Update ResUtil.java
Update VodConfig.java
Update ExoUtil.java
Update build.gradle
Revert ipv4 first
prepare to use bytedance danmaku
limit speed for exo tunneling mode
Update ExoUtil.java
Update build.gradle
Update ExoUtil.java
Optimize tunneling mode
Fix track bug
Update LiveParser.java
Update build.gradle
Use okhttp for youtube
Update Youtube.java
Update build.gradle
Optimize youtube parse
Support header for get live list
Revert youtube
okhttp dns ipv4 priority
Support gbkDecode for js
Support non utf-8 subtitle
Update AndroidManifest.xml
Update build.gradle
Update ExoUtil.java
Update InfoDialog.java
Fix seek view bug
Update build.gradle
Optimize ads check
Update Sniffer.java
Adjust setting text
Update build.gradle
Fix bug
Revert "Update gradle"
This reverts commit c011ff1ede05e6a7e4ec3ba7b5b0588a301c33cb.
This reverts commit b888eb46df05f8ffc110a8a5dcce3ac8525cf6aa.
Update gradle
Fix slider padding
Update InfoDialog.java
Update build.gradle
Update library
Remove m3u8 ads check
Update build.gradle
Revert thunder
Update InfoDialog.java
Optimize cf dialog
Fix webview dialog
Fix bug
Update XLUtil.java
Introduced protections against predictable RNG abuse
Update build.gradle
Add msg check
Fix logo layout
Use original logo
[mobile] fix logo bug
Optimize logo
Support gif logo
[mobile] clean code
[mobile] support refresh home
[mobile] ask for restore backup
[leanback] ask for restore backup
Update Config.java
[mobile] custom logo
Update build.gradle
Fix bug
Support format for live
Optimize Interceptor
* Add md5X Function and Support Post "raw" Methods
Update .gitignore
Update build.gradle
Fix crash
Update Util
Fix bug
Update build.gradle
Clean build
Update recyclerView
Update gradle.properties
Clean code
Update build.gradle
Only show 14 days of history
Adjust control
Remove back confirm
Fix crash
Update gradle.properties
Update build.gradle
Update Connect.java
Switch order of literals to prevent NullPointerException
Update JianPian.java
Update build.gradle
Update JianPian.java
Fix bug
Fix editText focus search
Update build.gradle
Fix search focus
Fix bug
Add cookie jar
Fix share url
Fix cast bug
Support 1dm header
[leanback] make remark marquee
List of to asList
Add example
live support catchup config
Optimize seek view
m3u support catchup
Update README.md
Update build.gradle
Fix live boot bug
Update part api
Update Shell.java
Set cookie for webview
Fix bug
Update build.gradle
Fix file bug
Fix jar update bug
Update index.html
Update build.gradle
Remove border
[leanback] support config name
Adjust setting text
Adjust jpa usage to 10%
Update JianPian.java
Update build.gradle
Add space detect
Fix collect layout
Fix bug
Adjust arrow icon
Fix live layout
Fix height
Add 302 auth check
[leanback] remove ijk soft decode
[mobile] remove ijk soft decode
Edit on/off text
Add incognito mode setting
Remove recordable
Fix build
Clean gradle
Fix jianpian
Support indexs
Update JianPian.java
Add go proxy back
Update build.gradle
Support play back - part 5
Support play back - part 4
Support play back - part 3
Support play back - part 2
Try to fix crash
QRcode support tab param
Support catchup - part 1
Fix bug
Clean code
Add exclude for rule
Update Players.java
Adjust layout
Support play back - part 1
Update build.gradle
Update README.md
Remove danmu
Remove go proxy
Update build.gradle
Update SettingPlayerFragment.java
Update SettingPlayerActivity.java
Update CustomRecyclerView.java
Update dialog_live.xml
Update build.gradle
Update ExoUtil.java
Optimize seek by d-pad
Update build.gradle
live support jar config
Set main jar for live
Remove exo http setting
Support epg - part 7
Support epg - part 6
Update LiveActivity.java
Update build.gradle
Update LiveActivity.java
Update build.gradle
Fix channel selected
Fix channel width
Fix bug
Fix json problem
Fix bug
Support epg - part 5
Update styles.xml
Update build.gradle
Fix crash
enable windowAnimationStyle
Fix bug
Support epg - part 4
Support epg - part 3
Support epg - part 2
[leanback] remove gesture
Support epg - part 1
Fix seamless bug
Fix bug
let danmu sync with media position
Add null check for activity
Update style.css
Fix svg color
Update build.gradle
Optimize start position
Add format
Adjust max value
Fix css
Fix bug
Fix crash
Add network detect when boot
If only audio track, don't enter pip
Add pass check for m3u and proxy
Remove vid show
Fix bug
numColumns
update
build.gradle
danmu speed
danmu load
reverse
danmu resume
Fix info crash
Update VideoActivity.java
danmu alpha
danmu line
Revert "update"
This reverts commit a925311afca899d5088ebc5daed7b95c69e87f6a.
This reverts commit 7598290fa7c60b0380bc709c85dfa60a4a64518d.
Optimize focus logic
Update okhttp to 4.12.0
strings
Focus
Add episode view switch
Adjust info ui
[mobile] add vod_id to info
episode vertical
[leanback] revert scale setting
[mobile] revert scale setting
Fix bug
Auto clear JianPian path when exit app
Update ExoUtil.java
Update build.gradle
Support cat config
Adjust scale text
[leanback] fix setting focus
Adjust player text
[mobile] clean setting code
[leanback] clean setting code
Use bili danmaku
haha
merge dev into release
danmu setting
mobile scroll to top
danmaku speed
danmu max line
Sync
Update cleaner.bat
Fix crash
Update file_paths.xml
Update build.gradle
Fix bug
Fix build
Fix crash
Fix build
Update CookieJar.java
Add cookie jar
Update build.gradle
Remove backup key check
Update README.md
Fix bug
Update build.gradle
Fix file bug
Fix bug
Update README.md
Update build.gradle
Optimize header parse
Update LiveParser.java
Support header parse for m3u
Update build.gradle
Update ClearKey.java
Support multiple drm key
Update LiveParser.java
Update build.gradle
Change rule for m3u detect
Don't auto rotate when play live
Support origin for live
Fix live crash
Update ParseJob.java
Fix bug
Update build.gradle
Support kid:key for drm
Update README.md
Update IjkMediaCodecInfo.java
Update build.gradle
Fix jsoup issue
Update site changeable logic
Fix bug
Update build.gradle
Update SettingActivity.java
Update CustomWebView.java
Update SettingFragment.java
Update CustomWebView.java
Support click param
Update Site.java
[mobile] support edit name for config
Update build.gradle
Set default user-agent for webview
Magic
Clean error event
Clean code
Support evaluateJavascript
Fix build
Update Decoder.java
[mobile] fix ui bug
Update build.gradle
Update WallConfig.java
Support assets://
Update build.gradle
Update go
fix
py support redirect
Revert
go
for go proxy stop
Update build.gradle
Fix live crash
Fix + bug
Update spider.py
Update build.gradle
Update Server.java
修复go stop异常
Fix bug
Update build.gradle
Update Server.java
go proxy启动停止方式更改
go proxy加入cache
Update build.gradle
Update Spider.java
Update Nano.java
Fix nano bug
Fix bug
Update build.gradle
Add cache api
Try to fix proxy bug
Add code for js
[leanback] add video size for live
optimize
Fix proxy
Update glide
Update build.gradle
Update spider.py
Fix bug
python support page search
Add go switch
Support video://
Update build.gradle
Update M3U8.java
Update Spider.java
Update build.gradle
py support proxy
Fix progress bug
goroutine video proxy
goroutine video proxy, most of the code comes from pg one
Update py
Update quickjs.aar
Update build.gradle
Fix bug
Revert p7~p9
Use OnBackPressedCallback
Update py config like js
Add tvbox check
Remove group logo
Update build.gradle
Adjust live number key time
Update Sniffer.java
Update Action.java
Cast support push subtitle
Update build.gradle
Support refresh danmaku
Fix crash
Clean html
Fix bug
Add refresh event for server
Clean code
Alist文件夹遥控器长按右键返回主界面
Update so
Update IjkMediaCodecInfo.java
Update build.gradle
Update Trans.java
Fix crash
Update build.gradle
Fix bug
Live support parse
Update ControlDialog.java
Update OkHttp.java
Update MainActivity.java
Update build.gradle
Remove p7p~p9p
Use mk so
Add so files
[mobile] add timer setting
Update IjkMediaCodecInfo.java
Update strings.xml
Update
Update build.gradle
Fix crash
Fix bug
Update AndroidManifest.xml
[leanback] support boot
[mobile] support shortcut
Update build.gradle
Add live boot and pass config
[mobile] control screen on off
Update TrackNameProvider
Fix crash
Update build.gradle
Fix bug
Revert ssl
Update OkHttp.java
Update TrackNameProvider.java
Track info support mimeType
Update ui
[mobile] make control scrollable
Fix crash
Update dialog_info.xml
Update build.gradle
Update ic_control_rotate.xml
Fix bug and update proxy
Update TrackNameProvider.java
Update build.gradle
[mobile] adjust ui
Adjust github
[mobile] fix layout
Update ControlDialog.java
[mobile] add info dialog
Update build.gradle
Fix seek view bug
[mobile] fix layout
Fix crash
Update Setting.java
Fix speed bug
Update sample
Remove conscrypt
Update build.gradle
Add cronet back
Update CustomRecyclerView.java
Update Util.java
Update build.gradle
Fix bug
Optimize push system
Fix live ui
Fix bug
Fix crash
Update to 2.0.8
Update media to 1.2.0
Update build.gradle
Fix bug
Fix some bug
Update proguard-rules.pro
Update IjkMediaPlayer.java
Update build.gradle
Add limit
Dynamic live layout width
Update ResUtil.java
Fix exo sub flag
Update Github.java
Update build.gradle
Update CastActivity.java
Update so path
Rename so
Update build.gradle
Update dialog_proxy.xml
Update Vod.java
Fix build
Update build.gradle
Update FileUtil.java
Update CustomKeyDownLive.java
Add hint for proxy
Fix bug
Update FileChooser.java
Fix some bug
Fix bug
Update build.gradle
[leanback] adjust color
Update dialog_track.xml
Update ExoUtil.java
Update TrackDialog.java
Update Sub.java
[leanback] support push sub
Update FileChooser.java
[leanback] support local subtitle choose
[mobile] support local subtitle choose
Adjust caption desc
Update build.gradle
Update AppDatabase.java
Update build.gradle
Add auto backup
Fix crash
Revert exo
Clean coe
Support system caption style
Set buffer max is 15
Try to fix crash
Fix bug
Clean code
Auto finish detail if has msg
Support prefers backup
Fix db backup
Fix bug
Support refresh config
Revert cast callback
Support backup db
Update CastActivity.java
Update build.gradle
[leanback] support launcher
Update CastDialog.java
Update build.gradle
Add boot receiver
Update Players.java
Update build.gradle
[leanback] support dlna cast
Update dlna-cast library
Update build.gradle
[mobile] fix scroll issue
[mobile] fix scroll
Support sync mx player position
[mobile] support share to player
Support google home control
Update M3U8.java
Update Server.java
Update build.gradle
Update quickjs.aar
Add config dialog edit text
Update build.gradle
Support edit config url
Update ProxySelector.java
Update build.gradle
Support text drawable
Fix live crash
Support cat style
Nano support range
filter support reverse
Fix bug
Update Github.java
Update build.gradle
Update VideoActivity.java
Fix build
Update build.gradle
Update CustomMovement.java
[leanback] support home style
Fix danmu bug
Update build.gradle
Add try catch
hack gitcode
Update ExoUtil.java
Update build.gradle
Fix bug
Update ExoUtil.java
Change so folder
Update build.gradle
Fix build
Update wrapper-android-release.aar
